0 info it worked if it ends with ok
1 verbose cli [ 'C:\\Program Files\\nodejs\\node.exe',
1 verbose cli   'C:\\Program Files\\nodejs\\node_modules\\npm\\bin\\npm-cli.js',
1 verbose cli   'run',
1 verbose cli   'test' ]
2 info using npm@3.10.10
3 info using node@v6.11.5
4 verbose run-script [ 'pretest', 'test', 'posttest' ]
5 info lifecycle MovieListAssignment2@1.0.0~pretest: MovieListAssignment2@1.0.0
6 verbose lifecycle MovieListAssignment2@1.0.0~pretest: unsafe-perm in lifecycle true
7 verbose lifecycle MovieListAssignment2@1.0.0~pretest: PATH: C:\Program Files\nodejs\node_modules\npm\bin\node-gyp-bin;C:\Users\Paul\Documents\GitHub\MovieList\Assignment2\MyApp\node_modules\.bin;C:\Program Files (x86)\Common Files\Oracle\Java\javapath;C:\oraclexe\app\oracle\product\11.2.0\server\bin;C:\oraclexe\app\oracle\product\11.2.0\server\bin;C:\ProgramData\Oracle\Java\javapath;C:\WINDOWS\system32;C:\WINDOWS;C:\WINDOWS\System32\Wbem;C:\WINDOWS\System32\WindowsPowerShell\v1.0\;C:\Program Files\nodejs\;C:\HashiCorp\Vagrant\bin;C:\Program Files (x86)\Git\cmd;C:\Users\Paul\AppData\Local\Microsoft\WindowsApps;C:\Users\Paul\AppData\Roaming\npm;C:\Users\Paul\AppData\Local\GitHubDesktop\bin
8 verbose lifecycle MovieListAssignment2@1.0.0~pretest: CWD: C:\Users\Paul\Documents\GitHub\MovieList\Assignment2\MyApp
9 silly lifecycle MovieListAssignment2@1.0.0~pretest: Args: [ '/d /s /c', 'eslint *.js ./api/*.js ./test/*.js' ]
10 silly lifecycle MovieListAssignment2@1.0.0~pretest: Returned: code: 1  signal: null
11 info lifecycle MovieListAssignment2@1.0.0~pretest: Failed to exec pretest script
12 verbose stack Error: MovieListAssignment2@1.0.0 pretest: `eslint *.js ./api/*.js ./test/*.js`
12 verbose stack Exit status 1
12 verbose stack     at EventEmitter.<anonymous> (C:\Program Files\nodejs\node_modules\npm\lib\utils\lifecycle.js:255:16)
12 verbose stack     at emitTwo (events.js:106:13)
12 verbose stack     at EventEmitter.emit (events.js:191:7)
12 verbose stack     at ChildProcess.<anonymous> (C:\Program Files\nodejs\node_modules\npm\lib\utils\spawn.js:40:14)
12 verbose stack     at emitTwo (events.js:106:13)
12 verbose stack     at ChildProcess.emit (events.js:191:7)
12 verbose stack     at maybeClose (internal/child_process.js:920:16)
12 verbose stack     at Process.ChildProcess._handle.onexit (internal/child_process.js:230:5)
13 verbose pkgid MovieListAssignment2@1.0.0
14 verbose cwd C:\Users\Paul\Documents\GitHub\MovieList\Assignment2\MyApp
15 error Windows_NT 10.0.16299
16 error argv "C:\\Program Files\\nodejs\\node.exe" "C:\\Program Files\\nodejs\\node_modules\\npm\\bin\\npm-cli.js" "run" "test"
17 error node v6.11.5
18 error npm  v3.10.10
19 error code ELIFECYCLE
20 error MovieListAssignment2@1.0.0 pretest: `eslint *.js ./api/*.js ./test/*.js`
20 error Exit status 1
21 error Failed at the MovieListAssignment2@1.0.0 pretest script 'eslint *.js ./api/*.js ./test/*.js'.
21 error Make sure you have the latest version of node.js and npm installed.
21 error If you do, this is most likely a problem with the MovieListAssignment2 package,
21 error not with npm itself.
21 error Tell the author that this fails on your system:
21 error     eslint *.js ./api/*.js ./test/*.js
21 error You can get information on how to open an issue for this project with:
21 error     npm bugs MovieListAssignment2
21 error Or if that isn't available, you can get their info via:
21 error     npm owner ls MovieListAssignment2
21 error There is likely additional logging output above.
22 verbose exit [ 1, true ]
